<?xml version="1.0" encoding="utf-8"?><testsuites name="pytest tests"><testsuite name="pytest" errors="0" failures="18" skipped="3" tests="29" time="1.414" timestamp="2026-02-02T19:11:12.453315+00:00" hostname="agent-env-9deadebc-f678-4ef6-866b-8fa10c0fff0e"><testcase classname="backend.tests.test_camp_baraisa.TestHealthAndAuth" name="test_health_check" time="0.079"><failure message="assert 404 == 200&#10; +  where 404 = &lt;Response [404]&gt;.status_code">backend/tests/test_camp_baraisa.py:50: in test_health_check
    assert response.status_code == 200
E   assert 404 == 200
E    +  where 404 = &lt;Response [404]&gt;.status_code</failure></testcase><testcase classname="backend.tests.test_camp_baraisa.TestHealthAndAuth" name="test_admin_login" time="0.259"><failure message="AssertionError: assert 'token' in {'access_token': 'eyJhbGciOiJIUzI1NiIsInR5cCI6IkpXVCJ9.eyJzdWIiOiJlNzM0MDc3OS1mZjVlLTQ5NmQtOGUwOC1iNDlhMzM4NjMzNTciLCJlbWFpbCI6ImFkbWluQGNhbXBiYXJhaXNhLmNvbSIsImV4cCI6MTc3MDE0NTg3Mn0.bX7_aM-hIvatmci__M1FVpIZsplNcz0kBuRIcTJWvdw', 'admin': {'created_at': '2026-02-02T04:12:16.854054Z', 'email': 'admin@campbaraisa.com', 'id': 'e7340779-ff5e-496d-8e08-b49a33863357', 'is_approved': True, ...}, 'token_type': 'bearer'}">backend/tests/test_camp_baraisa.py:63: in test_admin_login
    assert "token" in data
E   AssertionError: assert 'token' in {'access_token': 'eyJhbGciOiJIUzI1NiIsInR5cCI6IkpXVCJ9.eyJzdWIiOiJlNzM0MDc3OS1mZjVlLTQ5NmQtOGUwOC1iNDlhMzM4NjMzNTciLCJlbWFpbCI6ImFkbWluQGNhbXBiYXJhaXNhLmNvbSIsImV4cCI6MTc3MDE0NTg3Mn0.bX7_aM-hIvatmci__M1FVpIZsplNcz0kBuRIcTJWvdw', 'admin': {'created_at': '2026-02-02T04:12:16.854054Z', 'email': 'admin@campbaraisa.com', 'id': 'e7340779-ff5e-496d-8e08-b49a33863357', 'is_approved': True, ...}, 'token_type': 'bearer'}</failure></testcase><testcase classname="backend.tests.test_camp_baraisa.TestHealthAndAuth" name="test_admin_login_invalid_credentials" time="0.013" /><testcase classname="backend.tests.test_camp_baraisa.TestGroupsAPI" name="test_get_groups" time="0.244"><failure message="assert 401 == 200&#10; +  where 401 = &lt;Response [401]&gt;.status_code">backend/tests/test_camp_baraisa.py:84: in test_get_groups
    assert response.status_code == 200
E   assert 401 == 200
E    +  where 401 = &lt;Response [401]&gt;.status_code</failure></testcase><testcase classname="backend.tests.test_camp_baraisa.TestGroupsAPI" name="test_create_shiur_group" time="0.007"><failure message="assert 401 == 200&#10; +  where 401 = &lt;Response [401]&gt;.status_code">backend/tests/test_camp_baraisa.py:97: in test_create_shiur_group
    assert response.status_code == 200
E   assert 401 == 200
E    +  where 401 = &lt;Response [401]&gt;.status_code</failure></testcase><testcase classname="backend.tests.test_camp_baraisa.TestGroupsAPI" name="test_create_transportation_group" time="0.007"><failure message="assert 401 == 200&#10; +  where 401 = &lt;Response [401]&gt;.status_code">backend/tests/test_camp_baraisa.py:114: in test_create_transportation_group
    assert response.status_code == 200
E   assert 401 == 200
E    +  where 401 = &lt;Response [401]&gt;.status_code</failure></testcase><testcase classname="backend.tests.test_camp_baraisa.TestGroupsAPI" name="test_create_trip_group" time="0.008"><failure message="assert 401 == 200&#10; +  where 401 = &lt;Response [401]&gt;.status_code">backend/tests/test_camp_baraisa.py:127: in test_create_trip_group
    assert response.status_code == 200
E   assert 401 == 200
E    +  where 401 = &lt;Response [401]&gt;.status_code</failure></testcase><testcase classname="backend.tests.test_camp_baraisa.TestGroupsAPI" name="test_create_room_group" time="0.048"><failure message="assert 401 == 200&#10; +  where 401 = &lt;Response [401]&gt;.status_code">backend/tests/test_camp_baraisa.py:140: in test_create_room_group
    assert response.status_code == 200
E   assert 401 == 200
E    +  where 401 = &lt;Response [401]&gt;.status_code</failure></testcase><testcase classname="backend.tests.test_camp_baraisa.TestGroupsAPI" name="test_create_custom_group" time="0.007"><failure message="assert 401 == 200&#10; +  where 401 = &lt;Response [401]&gt;.status_code">backend/tests/test_camp_baraisa.py:153: in test_create_custom_group
    assert response.status_code == 200
E   assert 401 == 200
E    +  where 401 = &lt;Response [401]&gt;.status_code</failure></testcase><testcase classname="backend.tests.test_camp_baraisa.TestGroupsAPI" name="test_filter_groups_by_type" time="0.008"><failure message="assert 401 == 200&#10; +  where 401 = &lt;Response [401]&gt;.status_code">backend/tests/test_camp_baraisa.py:161: in test_filter_groups_by_type
    assert response.status_code == 200
E   assert 401 == 200
E    +  where 401 = &lt;Response [401]&gt;.status_code</failure></testcase><testcase classname="backend.tests.test_camp_baraisa.TestGroupsAPI" name="test_update_group" time="0.047"><failure message="KeyError: 'id'">backend/tests/test_camp_baraisa.py:176: in test_update_group
    group_id = create_response.json()["id"]
               ^^^^^^^^^^^^^^^^^^^^^^^^^^^^
E   KeyError: 'id'</failure></testcase><testcase classname="backend.tests.test_camp_baraisa.TestGroupsAPI" name="test_delete_group" time="0.008"><failure message="KeyError: 'id'">backend/tests/test_camp_baraisa.py:200: in test_delete_group
    group_id = create_response.json()["id"]
               ^^^^^^^^^^^^^^^^^^^^^^^^^^^^
E   KeyError: 'id'</failure></testcase><testcase classname="backend.tests.test_camp_baraisa.TestFeeCalculation" name="test_calculate_fee_with_fee" time="0.006" /><testcase classname="backend.tests.test_camp_baraisa.TestFeeCalculation" name="test_calculate_fee_without_fee" time="0.047" /><testcase classname="backend.tests.test_camp_baraisa.TestFeeCalculation" name="test_calculate_fee_large_amount" time="0.007" /><testcase classname="backend.tests.test_camp_baraisa.TestActivityLog" name="test_get_activity_log" time="0.008"><skipped type="pytest.skip" message="No campers available for activity log test">/app/backend/tests/test_camp_baraisa.py:266: No campers available for activity log test</skipped></testcase><testcase classname="backend.tests.test_camp_baraisa.TestActivityLog" name="test_add_note_to_camper" time="0.050"><skipped type="pytest.skip" message="No campers available for note test">/app/backend/tests/test_camp_baraisa.py:284: No campers available for note test</skipped></testcase><testcase classname="backend.tests.test_camp_baraisa.TestSettingsAPI" name="test_get_settings" time="0.007"><failure message="assert 401 == 200&#10; +  where 401 = &lt;Response [401]&gt;.status_code">backend/tests/test_camp_baraisa.py:293: in test_get_settings
    assert response.status_code == 200
E   assert 401 == 200
E    +  where 401 = &lt;Response [401]&gt;.status_code</failure></testcase><testcase classname="backend.tests.test_camp_baraisa.TestSettingsAPI" name="test_update_settings" time="0.007"><failure message="assert 401 == 200&#10; +  where 401 = &lt;Response [401]&gt;.status_code">backend/tests/test_camp_baraisa.py:311: in test_update_settings
    assert response.status_code == 200
E   assert 401 == 200
E    +  where 401 = &lt;Response [401]&gt;.status_code</failure></testcase><testcase classname="backend.tests.test_camp_baraisa.TestEmailTemplates" name="test_get_templates" time="0.048"><failure message="assert 401 == 200&#10; +  where 401 = &lt;Response [401]&gt;.status_code">backend/tests/test_camp_baraisa.py:323: in test_get_templates
    assert response.status_code == 200
E   assert 401 == 200
E    +  where 401 = &lt;Response [401]&gt;.status_code</failure></testcase><testcase classname="backend.tests.test_camp_baraisa.TestEmailTemplates" name="test_get_merge_fields" time="0.009"><failure message="assert 401 == 200&#10; +  where 401 = &lt;Response [401]&gt;.status_code">backend/tests/test_camp_baraisa.py:331: in test_get_merge_fields
    assert response.status_code == 200
E   assert 401 == 200
E    +  where 401 = &lt;Response [401]&gt;.status_code</failure></testcase><testcase classname="backend.tests.test_camp_baraisa.TestEmailTemplates" name="test_create_template_with_auto_trigger" time="0.049"><failure message="assert 401 == 200&#10; +  where 401 = &lt;Response [401]&gt;.status_code">backend/tests/test_camp_baraisa.py:346: in test_create_template_with_auto_trigger
    assert response.status_code == 200
E   assert 401 == 200
E    +  where 401 = &lt;Response [401]&gt;.status_code</failure></testcase><testcase classname="backend.tests.test_camp_baraisa.TestEmailTemplates" name="test_preview_template" time="0.006"><failure message="assert 401 == 200&#10; +  where 401 = &lt;Response [401]&gt;.status_code">backend/tests/test_camp_baraisa.py:358: in test_preview_template
    assert response.status_code == 200
E   assert 401 == 200
E    +  where 401 = &lt;Response [401]&gt;.status_code</failure></testcase><testcase classname="backend.tests.test_camp_baraisa.TestParentPortal" name="test_portal_access" time="0.010" /><testcase classname="backend.tests.test_camp_baraisa.TestParentPortal" name="test_portal_invalid_token" time="0.051" /><testcase classname="backend.tests.test_camp_baraisa.TestKanbanAPI" name="test_get_kanban_board" time="0.047"><failure message="assert 401 == 200&#10; +  where 401 = &lt;Response [401]&gt;.status_code">backend/tests/test_camp_baraisa.py:393: in test_get_kanban_board
    assert response.status_code == 200
E   assert 401 == 200
E    +  where 401 = &lt;Response [401]&gt;.status_code</failure></testcase><testcase classname="backend.tests.test_camp_baraisa.TestKanbanAPI" name="test_update_camper_status" time="0.007"><skipped type="pytest.skip" message="No campers available for status update test">/app/backend/tests/test_camp_baraisa.py:424: No campers available for status update test</skipped></testcase><testcase classname="backend.tests.test_camp_baraisa.TestCleanup" name="test_cleanup_test_groups" time="0.047" /><testcase classname="backend.tests.test_camp_baraisa.TestCleanup" name="test_cleanup_test_templates" time="0.007" /></testsuite></testsuites>