<?xml version="1.0" encoding="utf-8"?><testsuites name="pytest tests"><testsuite name="pytest" errors="0" failures="0" skipped="0" tests="29" time="1.998" timestamp="2026-02-02T19:11:36.405427+00:00" hostname="agent-env-9deadebc-f678-4ef6-866b-8fa10c0fff0e"><testcase classname="backend.tests.test_camp_baraisa.TestHealthAndAuth" name="test_health_check" time="0.062" /><testcase classname="backend.tests.test_camp_baraisa.TestHealthAndAuth" name="test_admin_login" time="0.244" /><testcase classname="backend.tests.test_camp_baraisa.TestHealthAndAuth" name="test_admin_login_invalid_credentials" time="0.017" /><testcase classname="backend.tests.test_camp_baraisa.TestGroupsAPI" name="test_get_groups" time="0.288" /><testcase classname="backend.tests.test_camp_baraisa.TestGroupsAPI" name="test_create_shiur_group" time="0.022" /><testcase classname="backend.tests.test_camp_baraisa.TestGroupsAPI" name="test_create_transportation_group" time="0.054" /><testcase classname="backend.tests.test_camp_baraisa.TestGroupsAPI" name="test_create_trip_group" time="0.014" /><testcase classname="backend.tests.test_camp_baraisa.TestGroupsAPI" name="test_create_room_group" time="0.053" /><testcase classname="backend.tests.test_camp_baraisa.TestGroupsAPI" name="test_create_custom_group" time="0.016" /><testcase classname="backend.tests.test_camp_baraisa.TestGroupsAPI" name="test_filter_groups_by_type" time="0.052" /><testcase classname="backend.tests.test_camp_baraisa.TestGroupsAPI" name="test_update_group" time="0.025" /><testcase classname="backend.tests.test_camp_baraisa.TestGroupsAPI" name="test_delete_group" time="0.115" /><testcase classname="backend.tests.test_camp_baraisa.TestFeeCalculation" name="test_calculate_fee_with_fee" time="0.050" /><testcase classname="backend.tests.test_camp_baraisa.TestFeeCalculation" name="test_calculate_fee_without_fee" time="0.052" /><testcase classname="backend.tests.test_camp_baraisa.TestFeeCalculation" name="test_calculate_fee_large_amount" time="0.050" /><testcase classname="backend.tests.test_camp_baraisa.TestActivityLog" name="test_get_activity_log" time="0.023" /><testcase classname="backend.tests.test_camp_baraisa.TestActivityLog" name="test_add_note_to_camper" time="0.072" /><testcase classname="backend.tests.test_camp_baraisa.TestSettingsAPI" name="test_get_settings" time="0.012" /><testcase classname="backend.tests.test_camp_baraisa.TestSettingsAPI" name="test_update_settings" time="0.054" /><testcase classname="backend.tests.test_camp_baraisa.TestEmailTemplates" name="test_get_templates" time="0.011" /><testcase classname="backend.tests.test_camp_baraisa.TestEmailTemplates" name="test_get_merge_fields" time="0.050" /><testcase classname="backend.tests.test_camp_baraisa.TestEmailTemplates" name="test_create_template_with_auto_trigger" time="0.012" /><testcase classname="backend.tests.test_camp_baraisa.TestEmailTemplates" name="test_preview_template" time="0.054" /><testcase classname="backend.tests.test_camp_baraisa.TestParentPortal" name="test_portal_access" time="0.052" /><testcase classname="backend.tests.test_camp_baraisa.TestParentPortal" name="test_portal_invalid_token" time="0.010" /><testcase classname="backend.tests.test_camp_baraisa.TestKanbanAPI" name="test_get_kanban_board" time="0.013" /><testcase classname="backend.tests.test_camp_baraisa.TestKanbanAPI" name="test_update_camper_status" time="0.078" /><testcase classname="backend.tests.test_camp_baraisa.TestCleanup" name="test_cleanup_test_groups" time="0.244" /><testcase classname="backend.tests.test_camp_baraisa.TestCleanup" name="test_cleanup_test_templates" time="0.101" /></testsuite></testsuites>