<?xml version="1.0" encoding="utf-8"?><testsuites name="pytest tests"><testsuite name="pytest" errors="0" failures="0" skipped="0" tests="14" time="1.577" timestamp="2026-02-03T03:26:00.873892+00:00" hostname="agent-env-cfefefc0-20d4-4c9e-a7cb-fc773d76c9ba"><testcase classname="tests.test_billing_fees.TestAuth" name="test_login_success" time="0.305" /><testcase classname="tests.test_billing_fees.TestFees" name="test_get_fees" time="0.301" /><testcase classname="tests.test_billing_fees.TestFees" name="test_create_fee" time="0.038" /><testcase classname="tests.test_billing_fees.TestFees" name="test_update_fee" time="0.142" /><testcase classname="tests.test_billing_fees.TestFees" name="test_update_custom_fee" time="0.186" /><testcase classname="tests.test_billing_fees.TestFees" name="test_delete_fee" time="0.109" /><testcase classname="tests.test_billing_fees.TestFees" name="test_cannot_delete_default_fee" time="0.070" /><testcase classname="tests.test_billing_fees.TestInvoices" name="test_get_invoices" time="0.039" /><testcase classname="tests.test_billing_fees.TestInvoices" name="test_create_invoice_with_camper" time="0.077" /><testcase classname="tests.test_billing_fees.TestCampers" name="test_get_campers" time="0.036" /><testcase classname="tests.test_billing_fees.TestCampers" name="test_camper_has_photo_url_field" time="0.034" /><testcase classname="tests.test_billing_fees.TestStripeCheckout" name="test_calculate_fee" time="0.032" /><testcase classname="tests.test_billing_fees.TestStripeCheckout" name="test_calculate_fee_no_fee" time="0.033" /><testcase classname="tests.test_billing_fees.TestCleanup" name="test_cleanup_test_fees" time="0.071" /></testsuite></testsuites>