<?xml version="1.0" encoding="utf-8"?><testsuites name="pytest tests"><testsuite name="pytest" errors="0" failures="2" skipped="0" tests="22" time="3.651" timestamp="2026-02-03T03:47:01.227902+00:00" hostname="agent-env-cfefefc0-20d4-4c9e-a7cb-fc773d76c9ba"><testcase classname="backend.tests.test_p1_p2_features.TestAuth" name="test_login_success" time="0.302" /><testcase classname="backend.tests.test_p1_p2_features.TestGroups" name="test_get_groups" time="0.296" /><testcase classname="backend.tests.test_p1_p2_features.TestGroups" name="test_create_parent_group" time="0.038" /><testcase classname="backend.tests.test_p1_p2_features.TestGroups" name="test_create_subgroup" time="0.076" /><testcase classname="backend.tests.test_p1_p2_features.TestGroups" name="test_update_group" time="0.074" /><testcase classname="backend.tests.test_p1_p2_features.TestGroups" name="test_assign_campers_to_group" time="0.143" /><testcase classname="backend.tests.test_p1_p2_features.TestGroups" name="test_delete_group" time="0.109" /><testcase classname="backend.tests.test_p1_p2_features.TestSmartSearch" name="test_search_campers" time="0.300" /><testcase classname="backend.tests.test_p1_p2_features.TestSmartSearch" name="test_search_by_yeshiva" time="0.036" /><testcase classname="backend.tests.test_p1_p2_features.TestSmartSearch" name="test_search_minimum_length" time="0.034" /><testcase classname="backend.tests.test_p1_p2_features.TestFinancial" name="test_get_financial_summary" time="0.302" /><testcase classname="backend.tests.test_p1_p2_features.TestFinancial" name="test_quickbooks_export" time="0.042" /><testcase classname="backend.tests.test_p1_p2_features.TestFinancial" name="test_quickbooks_export_invoice_format" time="0.035" /><testcase classname="backend.tests.test_p1_p2_features.TestExpenses" name="test_get_expenses" time="0.292" /><testcase classname="backend.tests.test_p1_p2_features.TestExpenses" name="test_create_expense" time="0.042" /><testcase classname="backend.tests.test_p1_p2_features.TestExpenses" name="test_create_expense_different_categories" time="0.153" /><testcase classname="backend.tests.test_p1_p2_features.TestExpenses" name="test_get_expense_categories" time="0.039"><failure message="AssertionError: assert False&#10; +  where False = isinstance({'categories': ['Activities &amp; Equipment', 'Food &amp; Catering', 'Staff Salaries', 'Transportation']}, list)">backend/tests/test_p1_p2_features.py:321: in test_get_expense_categories
    assert isinstance(data, list)
E   AssertionError: assert False
E    +  where False = isinstance({'categories': ['Activities &amp; Equipment', 'Food &amp; Catering', 'Staff Salaries', 'Transportation']}, list)</failure></testcase><testcase classname="backend.tests.test_p1_p2_features.TestCommunications" name="test_get_communications" time="0.296" /><testcase classname="backend.tests.test_p1_p2_features.TestCommunications" name="test_get_communications_by_type_email" time="0.036" /><testcase classname="backend.tests.test_p1_p2_features.TestCommunications" name="test_get_communications_by_type_sms" time="0.035" /><testcase classname="backend.tests.test_p1_p2_features.TestCommunications" name="test_create_communication" time="0.076" /><testcase classname="backend.tests.test_p1_p2_features.TestInvoiceReminders" name="test_get_due_reminders" time="0.777"><failure message="assert 404 == 200&#10; +  where 404 = &lt;Response [404]&gt;.status_code">backend/tests/test_p1_p2_features.py:406: in test_get_due_reminders
    assert response.status_code == 200
E   assert 404 == 200
E    +  where 404 = &lt;Response [404]&gt;.status_code</failure></testcase></testsuite></testsuites>