<?xml version="1.0" encoding="utf-8"?><testsuites name="pytest tests"><testsuite name="pytest" errors="0" failures="1" skipped="0" tests="14" time="3.636" timestamp="2026-02-03T15:14:56.423798+00:00" hostname="agent-env-cfefefc0-20d4-4c9e-a7cb-fc773d76c9ba"><testcase classname="backend.tests.test_billing_v10.TestAuth" name="test_login_success" time="0.346" /><testcase classname="backend.tests.test_billing_v10.TestInvoiceCreation" name="test_create_invoice_with_number" time="0.371" /><testcase classname="backend.tests.test_billing_v10.TestInvoiceCreation" name="test_invoice_number_format" time="0.043" /><testcase classname="backend.tests.test_billing_v10.TestInvoiceSoftDelete" name="test_delete_invoice_soft_delete" time="0.426" /><testcase classname="backend.tests.test_billing_v10.TestInvoiceSoftDelete" name="test_get_trash_list" time="0.121" /><testcase classname="backend.tests.test_billing_v10.TestInvoiceSoftDelete" name="test_restore_invoice_from_trash" time="0.248" /><testcase classname="backend.tests.test_billing_v10.TestInstallmentPlans" name="test_setup_installments" time="0.430" /><testcase classname="backend.tests.test_billing_v10.TestInstallmentPlans" name="test_create_invoice_with_installments" time="0.040" /><testcase classname="backend.tests.test_billing_v10.TestSendInvoice" name="test_send_invoice" time="0.424" /><testcase classname="backend.tests.test_billing_v10.TestPortalSettings" name="test_get_settings_has_portal_links_enabled" time="0.308" /><testcase classname="backend.tests.test_billing_v10.TestPortalSettings" name="test_update_portal_links_enabled" time="0.198" /><testcase classname="backend.tests.test_billing_v10.TestPortalSettings" name="test_portal_check_endpoint" time="0.075" /><testcase classname="backend.tests.test_billing_v10.TestStripeWebhook" name="test_stripe_webhook_endpoint_exists" time="0.077" /><testcase classname="backend.tests.test_billing_v10.TestInvoiceListWithNumbers" name="test_invoices_list_has_invoice_numbers" time="0.300"><failure message="AssertionError: Invoice should have invoice_number field&#10;assert 'invoice_number' in {'amount': 2500.0, 'camper_id': 'e5184bc0-6016-4958-ad01-63182ad3fc5c', 'created_at': '2026-02-02T04:13:44.588294+00:00', 'description': 'Camp Baraisa Summer 2026 - Full Session', ...}">backend/tests/test_billing_v10.py:456: in test_invoices_list_has_invoice_numbers
    assert "invoice_number" in invoice, "Invoice should have invoice_number field"
E   AssertionError: Invoice should have invoice_number field
E   assert 'invoice_number' in {'amount': 2500.0, 'camper_id': 'e5184bc0-6016-4958-ad01-63182ad3fc5c', 'created_at': '2026-02-02T04:13:44.588294+00:00', 'description': 'Camp Baraisa Summer 2026 - Full Session', ...}</failure></testcase></testsuite></testsuites>