<?xml version="1.0" encoding="utf-8"?><testsuites name="pytest tests"><testsuite name="pytest" errors="0" failures="0" skipped="0" tests="22" time="3.701" timestamp="2026-02-03T03:47:24.173824+00:00" hostname="agent-env-cfefefc0-20d4-4c9e-a7cb-fc773d76c9ba"><testcase classname="backend.tests.test_p1_p2_features.TestAuth" name="test_login_success" time="0.332" /><testcase classname="backend.tests.test_p1_p2_features.TestGroups" name="test_get_groups" time="0.312" /><testcase classname="backend.tests.test_p1_p2_features.TestGroups" name="test_create_parent_group" time="0.043" /><testcase classname="backend.tests.test_p1_p2_features.TestGroups" name="test_create_subgroup" time="0.086" /><testcase classname="backend.tests.test_p1_p2_features.TestGroups" name="test_update_group" time="0.072" /><testcase classname="backend.tests.test_p1_p2_features.TestGroups" name="test_assign_campers_to_group" time="0.140" /><testcase classname="backend.tests.test_p1_p2_features.TestGroups" name="test_delete_group" time="0.106" /><testcase classname="backend.tests.test_p1_p2_features.TestSmartSearch" name="test_search_campers" time="0.296" /><testcase classname="backend.tests.test_p1_p2_features.TestSmartSearch" name="test_search_by_yeshiva" time="0.037" /><testcase classname="backend.tests.test_p1_p2_features.TestSmartSearch" name="test_search_minimum_length" time="0.034" /><testcase classname="backend.tests.test_p1_p2_features.TestFinancial" name="test_get_financial_summary" time="0.295" /><testcase classname="backend.tests.test_p1_p2_features.TestFinancial" name="test_quickbooks_export" time="0.041" /><testcase classname="backend.tests.test_p1_p2_features.TestFinancial" name="test_quickbooks_export_invoice_format" time="0.043" /><testcase classname="backend.tests.test_p1_p2_features.TestExpenses" name="test_get_expenses" time="0.301" /><testcase classname="backend.tests.test_p1_p2_features.TestExpenses" name="test_create_expense" time="0.039" /><testcase classname="backend.tests.test_p1_p2_features.TestExpenses" name="test_create_expense_different_categories" time="0.124" /><testcase classname="backend.tests.test_p1_p2_features.TestExpenses" name="test_get_expense_categories" time="0.050" /><testcase classname="backend.tests.test_p1_p2_features.TestCommunications" name="test_get_communications" time="0.303" /><testcase classname="backend.tests.test_p1_p2_features.TestCommunications" name="test_get_communications_by_type_email" time="0.037" /><testcase classname="backend.tests.test_p1_p2_features.TestCommunications" name="test_get_communications_by_type_sms" time="0.034" /><testcase classname="backend.tests.test_p1_p2_features.TestCommunications" name="test_create_communication" time="0.075" /><testcase classname="backend.tests.test_p1_p2_features.TestInvoiceReminders" name="test_get_due_reminders" time="0.806" /></testsuite></testsuites>