<?xml version="1.0" encoding="utf-8"?><testsuites name="pytest tests"><testsuite name="pytest" errors="0" failures="0" skipped="0" tests="24" time="8.892" timestamp="2026-02-02T21:11:06.713788+00:00" hostname="agent-env-d6b28dad-13fc-4b39-9cde-f4b4afb87e65"><testcase classname="tests.test_camp_baraisa_v6.TestAuth" name="test_login_success" time="0.316" /><testcase classname="tests.test_camp_baraisa_v6.TestAccountSettings" name="test_get_current_admin" time="0.303" /><testcase classname="tests.test_camp_baraisa_v6.TestAccountSettings" name="test_update_account" time="0.342" /><testcase classname="tests.test_camp_baraisa_v6.TestAdminManagement" name="test_get_all_admins" time="0.306" /><testcase classname="tests.test_camp_baraisa_v6.TestAdminManagement" name="test_create_admin" time="0.530" /><testcase classname="tests.test_camp_baraisa_v6.TestAdminManagement" name="test_update_admin" time="0.604" /><testcase classname="tests.test_camp_baraisa_v6.TestAdminManagement" name="test_delete_admin" time="0.562" /><testcase classname="tests.test_camp_baraisa_v6.TestCamperTrash" name="test_get_trash_list" time="0.300" /><testcase classname="tests.test_camp_baraisa_v6.TestCamperTrash" name="test_delete_camper_moves_to_trash" time="0.423" /><testcase classname="tests.test_camp_baraisa_v6.TestCamperTrash" name="test_restore_camper_from_trash" time="0.448" /><testcase classname="tests.test_camp_baraisa_v6.TestCamperTrash" name="test_permanent_delete_from_trash" time="0.406" /><testcase classname="tests.test_camp_baraisa_v6.TestEmailTemplates" name="test_get_templates" time="0.297" /><testcase classname="tests.test_camp_baraisa_v6.TestEmailTemplates" name="test_create_template_with_trigger" time="0.318" /><testcase classname="tests.test_camp_baraisa_v6.TestEmailTemplates" name="test_update_template" time="0.338" /><testcase classname="tests.test_camp_baraisa_v6.TestEmailTemplates" name="test_delete_template" time="0.373" /><testcase classname="tests.test_camp_baraisa_v6.TestSavedReports" name="test_get_reports" time="0.299" /><testcase classname="tests.test_camp_baraisa_v6.TestSavedReports" name="test_create_report" time="0.302" /><testcase classname="tests.test_camp_baraisa_v6.TestSavedReports" name="test_get_report_with_data" time="0.332" /><testcase classname="tests.test_camp_baraisa_v6.TestSavedReports" name="test_update_report" time="0.368" /><testcase classname="tests.test_camp_baraisa_v6.TestSavedReports" name="test_delete_report" time="0.329" /><testcase classname="tests.test_camp_baraisa_v6.TestKanbanEmailPreview" name="test_get_email_preview_for_status_change" time="0.330" /><testcase classname="tests.test_camp_baraisa_v6.TestKanbanEmailPreview" name="test_status_change_with_skip_email" time="0.333" /><testcase classname="tests.test_camp_baraisa_v6.TestSettings" name="test_get_settings" time="0.306" /><testcase classname="tests.test_camp_baraisa_v6.TestSettings" name="test_update_settings" time="0.293" /></testsuite></testsuites>