<?xml version="1.0" encoding="utf-8"?><testsuites name="pytest tests"><testsuite name="pytest" errors="0" failures="1" skipped="0" tests="14" time="4.812" timestamp="2026-02-02T20:23:50.627376+00:00" hostname="agent-env-d6b28dad-13fc-4b39-9cde-f4b4afb87e65"><testcase classname="backend.tests.test_camp_baraisa_v5.TestAuthEndpoints" name="test_login_success" time="0.307" /><testcase classname="backend.tests.test_camp_baraisa_v5.TestAuthEndpoints" name="test_login_invalid_credentials" time="0.044" /><testcase classname="backend.tests.test_camp_baraisa_v5.TestAuthEndpoints" name="test_auth_me_endpoint" time="0.308" /><testcase classname="backend.tests.test_camp_baraisa_v5.TestDashboardEndpoints" name="test_dashboard_stats" time="0.297" /><testcase classname="backend.tests.test_camp_baraisa_v5.TestCamperEndpoints" name="test_get_campers" time="0.339" /><testcase classname="backend.tests.test_camp_baraisa_v5.TestCamperEndpoints" name="test_create_camper_with_embedded_parent" time="0.384" /><testcase classname="backend.tests.test_camp_baraisa_v5.TestCamperEndpoints" name="test_update_camper_status" time="0.456" /><testcase classname="backend.tests.test_camp_baraisa_v5.TestPublicApplicationEndpoint" name="test_submit_application" time="0.373" /><testcase classname="backend.tests.test_camp_baraisa_v5.TestActivityLogEndpoints" name="test_get_activities_for_camper" time="0.375" /><testcase classname="backend.tests.test_camp_baraisa_v5.TestActivityLogEndpoints" name="test_add_note_to_activity_log" time="0.410" /><testcase classname="backend.tests.test_camp_baraisa_v5.TestKanbanEndpoints" name="test_get_kanban_board" time="0.314" /><testcase classname="backend.tests.test_camp_baraisa_v5.TestKanbanEndpoints" name="test_kanban_camper_has_parent_info" time="0.366" /><testcase classname="backend.tests.test_camp_baraisa_v5.TestDataCenterEndpoints" name="test_export_campers_json" time="0.293"><failure message="AssertionError: Export failed: {&quot;detail&quot;:&quot;Not Found&quot;}&#10;assert 404 == 200&#10; +  where 404 = &lt;Response [404]&gt;.status_code">backend/tests/test_camp_baraisa_v5.py:394: in test_export_campers_json
    assert response.status_code == 200, f"Export failed: {response.text}"
E   AssertionError: Export failed: {"detail":"Not Found"}
E   assert 404 == 200
E    +  where 404 = &lt;Response [404]&gt;.status_code</failure></testcase><testcase classname="backend.tests.test_camp_baraisa_v5.TestGlobalSearch" name="test_search_campers" time="0.406" /></testsuite></testsuites>